slurmstepd-diamiktit: error: Unable to create TMPDIR [/tmp/user/32202]: Permission denied
slurmstepd-diamiktit: error: Setting TMPDIR to /tmp
/home/g/grimmj/miniconda3/envs/idiom/lib/python3.12/site-packages/transformers/tokenization_utils_base.py:1601: FutureWarning: `clean_up_tokenization_spaces` was not set. It will be set to `True` by default. This behavior will be depracted in transformers v4.45, and will be then set to `False` by default. For more details check this issue: https://github.com/huggingface/transformers/issues/31884
  warnings.warn(
WARNING:root:With reduced precision, it is advised to use `from_pretrained_no_processing` instead of `from_pretrained`.
Loaded pretrained model pythia-1.4b into HookedTransformer
Traceback (most recent call last):
  File "/home/g/grimmj/IdiomHeads/compute_literal_only.py", line 19, in <module>
    scorer = LiteralScorer(model, filename = cli.idiom_file)
             ^^^^^^^^^^^^^^^^^^^^^^^^^^^^^^^^^^^^^^^^^^^^^^^
  File "/home/g/grimmj/IdiomHeads/literal_score.py", line 22, in __init__
    self.idiom_positions = self.load_all_idiom_pos(filename)
                           ^^^^^^^^^^^^^^^^^^^^^^^^^^^^^^^^^
  File "/home/g/grimmj/IdiomHeads/literal_score.py", line 27, in load_all_idiom_pos
    return json.load(f) 
           ^^^^^^^^^^^^
  File "/home/g/grimmj/miniconda3/envs/idiom/lib/python3.12/json/__init__.py", line 293, in load
    return loads(fp.read(),
           ^^^^^^^^^^^^^^^^
  File "/home/g/grimmj/miniconda3/envs/idiom/lib/python3.12/json/__init__.py", line 346, in loads
    return _default_decoder.decode(s)
           ^^^^^^^^^^^^^^^^^^^^^^^^^^
  File "/home/g/grimmj/miniconda3/envs/idiom/lib/python3.12/json/decoder.py", line 337, in decode
    obj, end = self.raw_decode(s, idx=_w(s, 0).end())
               ^^^^^^^^^^^^^^^^^^^^^^^^^^^^^^^^^^^^^^
  File "/home/g/grimmj/miniconda3/envs/idiom/lib/python3.12/json/decoder.py", line 355, in raw_decode
    raise JSONDecodeError("Expecting value", s, err.value) from None
json.decoder.JSONDecodeError: Expecting value: line 1 column 1 (char 0)
