slurmstepd-dacit: error: Unable to create TMPDIR [/tmp/user/32202]: Permission denied
slurmstepd-dacit: error: Setting TMPDIR to /tmp
/home/g/grimmj/miniconda3/envs/idiom/lib/python3.12/site-packages/transformers/tokenization_utils_base.py:1601: FutureWarning: `clean_up_tokenization_spaces` was not set. It will be set to `True` by default. This behavior will be depracted in transformers v4.45, and will be then set to `False` by default. For more details check this issue: https://github.com/huggingface/transformers/issues/31884
  warnings.warn(
WARNING:root:With reduced precision, it is advised to use `from_pretrained_no_processing` instead of `from_pretrained`.
Loaded pretrained model pythia-1.4b into HookedTransformer
Running compute_literal_only on device cuda.

Processing split formal:
Map:   0%|          | 0/2664 [00:00<?, ? examples/s]Map:   0%|          | 0/2664 [00:00<?, ? examples/s]
Traceback (most recent call last):
  File "/home/g/grimmj/IdiomHeads/compute_literal_only.py", line 42, in <module>
    data.map(lambda batch: scorer.get_all_idiom_pos(batch), batched=True, batch_size=batch_size)
  File "/home/g/grimmj/miniconda3/envs/idiom/lib/python3.12/site-packages/datasets/arrow_dataset.py", line 562, in wrapper
    out: Union["Dataset", "DatasetDict"] = func(self, *args, **kwargs)
                                           ^^^^^^^^^^^^^^^^^^^^^^^^^^^
  File "/home/g/grimmj/miniconda3/envs/idiom/lib/python3.12/site-packages/datasets/arrow_dataset.py", line 3079, in map
    for rank, done, content in Dataset._map_single(**dataset_kwargs):
                               ^^^^^^^^^^^^^^^^^^^^^^^^^^^^^^^^^^^^^
  File "/home/g/grimmj/miniconda3/envs/idiom/lib/python3.12/site-packages/datasets/arrow_dataset.py", line 3519, in _map_single
    for i, batch in iter_outputs(shard_iterable):
                    ^^^^^^^^^^^^^^^^^^^^^^^^^^^^
  File "/home/g/grimmj/miniconda3/envs/idiom/lib/python3.12/site-packages/datasets/arrow_dataset.py", line 3469, in iter_outputs
    yield i, apply_function(example, i, offset=offset)
             ^^^^^^^^^^^^^^^^^^^^^^^^^^^^^^^^^^^^^^^^^
  File "/home/g/grimmj/miniconda3/envs/idiom/lib/python3.12/site-packages/datasets/arrow_dataset.py", line 3392, in apply_function
    processed_inputs = function(*fn_args, *additional_args, **fn_kwargs)
                       ^^^^^^^^^^^^^^^^^^^^^^^^^^^^^^^^^^^^^^^^^^^^^^^^^
  File "/home/g/grimmj/IdiomHeads/compute_literal_only.py", line 42, in <lambda>
    data.map(lambda batch: scorer.get_all_idiom_pos(batch), batched=True, batch_size=batch_size)
                           ^^^^^^^^^^^^^^^^^^^^^^^^
AttributeError: 'LiteralScorer' object has no attribute 'get_all_idiom_pos'. Did you mean: 'get_idiom_pos'?
